2025-04-14 16:22:35,643 [trainer.py] => config: ./exps/finetune.json
2025-04-14 16:22:35,643 [trainer.py] => dataset: cifar100
2025-04-14 16:22:35,643 [trainer.py] => log_dir: ./logs
2025-04-14 16:22:35,643 [trainer.py] => model_name: fcs
2025-04-14 16:22:35,643 [trainer.py] => init_cls: 10
2025-04-14 16:22:35,643 [trainer.py] => increment: 10
2025-04-14 16:22:35,643 [trainer.py] => epochs: 100
2025-04-14 16:22:35,643 [trainer.py] => batch_size: 64
2025-04-14 16:22:35,643 [trainer.py] => lr: 0.01
2025-04-14 16:22:35,644 [trainer.py] => weight_decay: 0.0005
2025-04-14 16:22:35,644 [trainer.py] => step_size: 30
2025-04-14 16:22:35,644 [trainer.py] => gamma: 0.1
2025-04-14 16:22:35,644 [trainer.py] => num_workers: 4
2025-04-14 16:22:35,644 [trainer.py] => device: [device(type='cuda', index=0)]
2025-04-14 16:22:35,644 [trainer.py] => seed: 42
2025-04-14 16:22:35,644 [trainer.py] => log_name: experiment_without_pic
2025-04-14 16:22:35,644 [trainer.py] => prefix: run1
2025-04-14 16:22:35,644 [trainer.py] => convnet_type: resnet18
2025-04-14 16:22:35,644 [trainer.py] => shuffle: True
2025-04-14 16:22:35,644 [trainer.py] => data_root: ./data
2025-04-14 16:22:35,644 [trainer.py] => memory_size: 2000
2025-04-14 16:22:36,983 [data_manager.py] => [83, 53, 70, 45, 44, 39, 22, 80, 10, 0, 18, 30, 73, 33, 90, 4, 76, 77, 12, 31, 55, 88, 26, 42, 69, 15, 40, 96, 9, 72, 11, 47, 85, 28, 93, 5, 66, 65, 35, 16, 49, 34, 7, 95, 27, 19, 81, 25, 62, 13, 24, 3, 17, 38, 8, 78, 6, 64, 36, 89, 56, 99, 54, 43, 50, 67, 46, 68, 61, 97, 79, 41, 58, 48, 98, 57, 75, 32, 94, 59, 63, 84, 37, 29, 1, 52, 21, 2, 23, 87, 91, 74, 86, 82, 20, 60, 71, 14, 92, 51]
2025-04-14 16:22:37,216 [trainer.py] => All params: 11431488
2025-04-14 16:22:37,217 [trainer.py] => Trainable params: 11431488
2025-04-14 16:22:37,220 [fcs.py] => Learning on 0-10
2025-04-14 16:22:37,220 [fcs.py] => All params: 11475093
2025-04-14 16:22:37,221 [fcs.py] => Trainable params: 11475093
2025-04-14 16:24:38,426 [trainer.py] => config: ./exps/finetune.json
2025-04-14 16:24:38,426 [trainer.py] => dataset: cifar100
2025-04-14 16:24:38,426 [trainer.py] => log_dir: ./logs
2025-04-14 16:24:38,426 [trainer.py] => model_name: fcs
2025-04-14 16:24:38,426 [trainer.py] => init_cls: 10
2025-04-14 16:24:38,426 [trainer.py] => increment: 10
2025-04-14 16:24:38,426 [trainer.py] => epochs: 100
2025-04-14 16:24:38,426 [trainer.py] => batch_size: 64
2025-04-14 16:24:38,426 [trainer.py] => lr: 0.01
2025-04-14 16:24:38,426 [trainer.py] => weight_decay: 0.0005
2025-04-14 16:24:38,426 [trainer.py] => step_size: 30
2025-04-14 16:24:38,426 [trainer.py] => gamma: 0.1
2025-04-14 16:24:38,426 [trainer.py] => num_workers: 4
2025-04-14 16:24:38,426 [trainer.py] => device: [device(type='cuda', index=0)]
2025-04-14 16:24:38,426 [trainer.py] => seed: 42
2025-04-14 16:24:38,426 [trainer.py] => log_name: experiment_without_pic
2025-04-14 16:24:38,426 [trainer.py] => prefix: run1
2025-04-14 16:24:38,426 [trainer.py] => convnet_type: resnet18
2025-04-14 16:24:38,426 [trainer.py] => shuffle: True
2025-04-14 16:24:38,426 [trainer.py] => data_root: ./data
2025-04-14 16:24:38,426 [trainer.py] => memory_size: 2000
2025-04-14 16:24:38,426 [trainer.py] => ckpt_num: 5
2025-04-14 16:24:39,761 [data_manager.py] => [83, 53, 70, 45, 44, 39, 22, 80, 10, 0, 18, 30, 73, 33, 90, 4, 76, 77, 12, 31, 55, 88, 26, 42, 69, 15, 40, 96, 9, 72, 11, 47, 85, 28, 93, 5, 66, 65, 35, 16, 49, 34, 7, 95, 27, 19, 81, 25, 62, 13, 24, 3, 17, 38, 8, 78, 6, 64, 36, 89, 56, 99, 54, 43, 50, 67, 46, 68, 61, 97, 79, 41, 58, 48, 98, 57, 75, 32, 94, 59, 63, 84, 37, 29, 1, 52, 21, 2, 23, 87, 91, 74, 86, 82, 20, 60, 71, 14, 92, 51]
2025-04-14 16:24:40,026 [trainer.py] => All params: 11431488
2025-04-14 16:24:40,026 [trainer.py] => Trainable params: 11431488
2025-04-14 16:24:40,030 [fcs.py] => Learning on 0-10
2025-04-14 16:24:40,030 [fcs.py] => All params: 11475093
2025-04-14 16:24:40,030 [fcs.py] => Trainable params: 11475093
2025-04-14 16:26:21,418 [trainer.py] => config: ./exps/finetune.json
2025-04-14 16:26:21,418 [trainer.py] => dataset: cifar100
2025-04-14 16:26:21,418 [trainer.py] => log_dir: ./logs
2025-04-14 16:26:21,418 [trainer.py] => model_name: fcs
2025-04-14 16:26:21,418 [trainer.py] => init_cls: 10
2025-04-14 16:26:21,418 [trainer.py] => increment: 10
2025-04-14 16:26:21,418 [trainer.py] => epochs: 100
2025-04-14 16:26:21,418 [trainer.py] => batch_size: 64
2025-04-14 16:26:21,418 [trainer.py] => lr: 0.01
2025-04-14 16:26:21,418 [trainer.py] => weight_decay: 0.0005
2025-04-14 16:26:21,418 [trainer.py] => step_size: 30
2025-04-14 16:26:21,418 [trainer.py] => gamma: 0.1
2025-04-14 16:26:21,418 [trainer.py] => num_workers: 4
2025-04-14 16:26:21,418 [trainer.py] => device: [device(type='cuda', index=0)]
2025-04-14 16:26:21,418 [trainer.py] => seed: 42
2025-04-14 16:26:21,418 [trainer.py] => log_name: experiment_without_pic
2025-04-14 16:26:21,418 [trainer.py] => prefix: run1
2025-04-14 16:26:21,418 [trainer.py] => convnet_type: resnet18
2025-04-14 16:26:21,418 [trainer.py] => shuffle: True
2025-04-14 16:26:21,418 [trainer.py] => data_root: ./data
2025-04-14 16:26:21,418 [trainer.py] => memory_size: 2000
2025-04-14 16:26:21,418 [trainer.py] => ckpt_num: 5
2025-04-14 16:26:21,418 [trainer.py] => ckpt_path: ./checkpoints
2025-04-14 16:26:23,110 [data_manager.py] => [83, 53, 70, 45, 44, 39, 22, 80, 10, 0, 18, 30, 73, 33, 90, 4, 76, 77, 12, 31, 55, 88, 26, 42, 69, 15, 40, 96, 9, 72, 11, 47, 85, 28, 93, 5, 66, 65, 35, 16, 49, 34, 7, 95, 27, 19, 81, 25, 62, 13, 24, 3, 17, 38, 8, 78, 6, 64, 36, 89, 56, 99, 54, 43, 50, 67, 46, 68, 61, 97, 79, 41, 58, 48, 98, 57, 75, 32, 94, 59, 63, 84, 37, 29, 1, 52, 21, 2, 23, 87, 91, 74, 86, 82, 20, 60, 71, 14, 92, 51]
2025-04-14 16:26:23,518 [trainer.py] => All params: 11431488
2025-04-14 16:26:23,519 [trainer.py] => Trainable params: 11431488
2025-04-14 16:26:23,523 [fcs.py] => Learning on 0-10
2025-04-14 16:26:23,523 [fcs.py] => All params: 11475093
2025-04-14 16:26:23,524 [fcs.py] => Trainable params: 11475093
2025-04-14 16:27:55,439 [trainer.py] => config: ./exps/finetune.json
2025-04-14 16:27:55,439 [trainer.py] => dataset: cifar100
2025-04-14 16:27:55,439 [trainer.py] => log_dir: ./logs
2025-04-14 16:27:55,439 [trainer.py] => model_name: fcs
2025-04-14 16:27:55,439 [trainer.py] => init_cls: 10
2025-04-14 16:27:55,439 [trainer.py] => increment: 10
2025-04-14 16:27:55,439 [trainer.py] => epochs: 100
2025-04-14 16:27:55,439 [trainer.py] => batch_size: 64
2025-04-14 16:27:55,439 [trainer.py] => lr: 0.01
2025-04-14 16:27:55,439 [trainer.py] => weight_decay: 0.0005
2025-04-14 16:27:55,439 [trainer.py] => step_size: 30
2025-04-14 16:27:55,439 [trainer.py] => gamma: 0.1
2025-04-14 16:27:55,439 [trainer.py] => num_workers: 4
2025-04-14 16:27:55,439 [trainer.py] => device: [device(type='cuda', index=0)]
2025-04-14 16:27:55,439 [trainer.py] => seed: 42
2025-04-14 16:27:55,439 [trainer.py] => log_name: experiment_without_pic
2025-04-14 16:27:55,439 [trainer.py] => prefix: run1
2025-04-14 16:27:55,439 [trainer.py] => convnet_type: resnet18
2025-04-14 16:27:55,439 [trainer.py] => shuffle: True
2025-04-14 16:27:55,439 [trainer.py] => data_root: ./data
2025-04-14 16:27:55,439 [trainer.py] => memory_size: 2000
2025-04-14 16:27:55,439 [trainer.py] => ckpt_num: 5
2025-04-14 16:27:55,439 [trainer.py] => ckpt_path: ./checkpoints/fcs
2025-04-14 16:27:56,787 [data_manager.py] => [83, 53, 70, 45, 44, 39, 22, 80, 10, 0, 18, 30, 73, 33, 90, 4, 76, 77, 12, 31, 55, 88, 26, 42, 69, 15, 40, 96, 9, 72, 11, 47, 85, 28, 93, 5, 66, 65, 35, 16, 49, 34, 7, 95, 27, 19, 81, 25, 62, 13, 24, 3, 17, 38, 8, 78, 6, 64, 36, 89, 56, 99, 54, 43, 50, 67, 46, 68, 61, 97, 79, 41, 58, 48, 98, 57, 75, 32, 94, 59, 63, 84, 37, 29, 1, 52, 21, 2, 23, 87, 91, 74, 86, 82, 20, 60, 71, 14, 92, 51]
2025-04-14 16:27:57,021 [trainer.py] => All params: 11431488
2025-04-14 16:27:57,021 [trainer.py] => Trainable params: 11431488
2025-04-14 16:27:57,025 [fcs.py] => Learning on 0-10
2025-04-14 16:27:57,025 [fcs.py] => All params: 11475093
2025-04-14 16:27:57,025 [fcs.py] => Trainable params: 11475093
2025-04-14 16:37:03,684 [trainer.py] => config: ./exps/finetune.json
2025-04-14 16:37:03,684 [trainer.py] => dataset: cifar100
2025-04-14 16:37:03,684 [trainer.py] => log_dir: ./logs
2025-04-14 16:37:03,684 [trainer.py] => model_name: fcs
2025-04-14 16:37:03,684 [trainer.py] => init_cls: 10
2025-04-14 16:37:03,684 [trainer.py] => increment: 10
2025-04-14 16:37:03,684 [trainer.py] => epochs: 100
2025-04-14 16:37:03,684 [trainer.py] => batch_size: 64
2025-04-14 16:37:03,684 [trainer.py] => lr: 0.01
2025-04-14 16:37:03,684 [trainer.py] => weight_decay: 0.0005
2025-04-14 16:37:03,684 [trainer.py] => step_size: 30
2025-04-14 16:37:03,684 [trainer.py] => gamma: 0.1
2025-04-14 16:37:03,684 [trainer.py] => num_workers: 4
2025-04-14 16:37:03,684 [trainer.py] => device: [device(type='cuda', index=0)]
2025-04-14 16:37:03,684 [trainer.py] => seed: 42
2025-04-14 16:37:03,684 [trainer.py] => log_name: experiment_without_pic
2025-04-14 16:37:03,685 [trainer.py] => prefix: run1
2025-04-14 16:37:03,685 [trainer.py] => convnet_type: resnet18
2025-04-14 16:37:03,685 [trainer.py] => shuffle: True
2025-04-14 16:37:03,685 [trainer.py] => data_root: ./data
2025-04-14 16:37:03,685 [trainer.py] => memory_size: 2000
2025-04-14 16:37:03,685 [trainer.py] => ckpt_num: 5
2025-04-14 16:37:03,685 [trainer.py] => ckpt_path: ./checkpoints/fcs
2025-04-14 16:37:05,027 [data_manager.py] => [83, 53, 70, 45, 44, 39, 22, 80, 10, 0, 18, 30, 73, 33, 90, 4, 76, 77, 12, 31, 55, 88, 26, 42, 69, 15, 40, 96, 9, 72, 11, 47, 85, 28, 93, 5, 66, 65, 35, 16, 49, 34, 7, 95, 27, 19, 81, 25, 62, 13, 24, 3, 17, 38, 8, 78, 6, 64, 36, 89, 56, 99, 54, 43, 50, 67, 46, 68, 61, 97, 79, 41, 58, 48, 98, 57, 75, 32, 94, 59, 63, 84, 37, 29, 1, 52, 21, 2, 23, 87, 91, 74, 86, 82, 20, 60, 71, 14, 92, 51]
2025-04-14 16:37:05,260 [trainer.py] => All params: 11431488
2025-04-14 16:37:05,260 [trainer.py] => Trainable params: 11431488
2025-04-14 16:37:05,264 [fcs.py] => Learning on 0-10
2025-04-14 16:37:05,264 [fcs.py] => All params: 11475093
2025-04-14 16:37:05,264 [fcs.py] => Trainable params: 11475093
2025-04-14 16:37:05,278 [fcs.py] => Checkpoint file ./checkpoints/fcs/fcs_._checkpoints_0.pkl not found. Skipping loading.
2025-04-14 16:43:59,551 [trainer.py] => config: ./exps/finetune.json
2025-04-14 16:43:59,551 [trainer.py] => dataset: cifar100
2025-04-14 16:43:59,551 [trainer.py] => log_dir: ./logs
2025-04-14 16:43:59,551 [trainer.py] => model_name: fcs
2025-04-14 16:43:59,551 [trainer.py] => init_cls: 10
2025-04-14 16:43:59,551 [trainer.py] => increment: 10
2025-04-14 16:43:59,551 [trainer.py] => epochs: 100
2025-04-14 16:43:59,551 [trainer.py] => batch_size: 64
2025-04-14 16:43:59,551 [trainer.py] => lr: 0.01
2025-04-14 16:43:59,551 [trainer.py] => weight_decay: 0.0005
2025-04-14 16:43:59,551 [trainer.py] => step_size: 30
2025-04-14 16:43:59,551 [trainer.py] => gamma: 0.1
2025-04-14 16:43:59,551 [trainer.py] => num_workers: 4
2025-04-14 16:43:59,551 [trainer.py] => device: [device(type='cuda', index=0)]
2025-04-14 16:43:59,551 [trainer.py] => seed: 42
2025-04-14 16:43:59,551 [trainer.py] => log_name: experiment_without_pic
2025-04-14 16:43:59,551 [trainer.py] => prefix: run1
2025-04-14 16:43:59,551 [trainer.py] => convnet_type: resnet18
2025-04-14 16:43:59,551 [trainer.py] => shuffle: True
2025-04-14 16:43:59,551 [trainer.py] => data_root: ./data
2025-04-14 16:43:59,551 [trainer.py] => memory_size: 2000
2025-04-14 16:43:59,551 [trainer.py] => ckpt_num: 5
2025-04-14 16:43:59,551 [trainer.py] => ckpt_path: ./checkpoints/fcs
2025-04-14 16:44:00,899 [data_manager.py] => [83, 53, 70, 45, 44, 39, 22, 80, 10, 0, 18, 30, 73, 33, 90, 4, 76, 77, 12, 31, 55, 88, 26, 42, 69, 15, 40, 96, 9, 72, 11, 47, 85, 28, 93, 5, 66, 65, 35, 16, 49, 34, 7, 95, 27, 19, 81, 25, 62, 13, 24, 3, 17, 38, 8, 78, 6, 64, 36, 89, 56, 99, 54, 43, 50, 67, 46, 68, 61, 97, 79, 41, 58, 48, 98, 57, 75, 32, 94, 59, 63, 84, 37, 29, 1, 52, 21, 2, 23, 87, 91, 74, 86, 82, 20, 60, 71, 14, 92, 51]
2025-04-14 16:44:01,133 [trainer.py] => All params: 11431488
2025-04-14 16:44:01,133 [trainer.py] => Trainable params: 11431488
2025-04-14 16:44:01,137 [fcs.py] => Learning on 0-10
2025-04-14 16:44:01,137 [fcs.py] => All params: 11475093
2025-04-14 16:44:01,137 [fcs.py] => Trainable params: 11475093
2025-04-14 16:44:01,152 [fcs.py] => Checkpoint file ./checkpoints/fcs/fcs_._checkpoints_0.pkl not found. Skipping loading.
2025-04-14 16:51:15,294 [trainer.py] => config: ./exps/finetune.json
2025-04-14 16:51:15,294 [trainer.py] => dataset: cifar100
2025-04-14 16:51:15,294 [trainer.py] => log_dir: ./logs
2025-04-14 16:51:15,294 [trainer.py] => model_name: fcs
2025-04-14 16:51:15,294 [trainer.py] => init_cls: 10
2025-04-14 16:51:15,294 [trainer.py] => increment: 10
2025-04-14 16:51:15,294 [trainer.py] => epochs: 100
2025-04-14 16:51:15,294 [trainer.py] => batch_size: 64
2025-04-14 16:51:15,294 [trainer.py] => lr: 0.01
2025-04-14 16:51:15,294 [trainer.py] => weight_decay: 0.0005
2025-04-14 16:51:15,294 [trainer.py] => step_size: 30
2025-04-14 16:51:15,295 [trainer.py] => gamma: 0.1
2025-04-14 16:51:15,295 [trainer.py] => num_workers: 4
2025-04-14 16:51:15,295 [trainer.py] => device: [device(type='cuda', index=0)]
2025-04-14 16:51:15,295 [trainer.py] => seed: 42
2025-04-14 16:51:15,295 [trainer.py] => log_name: experiment_without_pic
2025-04-14 16:51:15,295 [trainer.py] => prefix: run1
2025-04-14 16:51:15,295 [trainer.py] => convnet_type: resnet18
2025-04-14 16:51:15,295 [trainer.py] => shuffle: True
2025-04-14 16:51:15,295 [trainer.py] => data_root: ./data
2025-04-14 16:51:15,295 [trainer.py] => memory_size: 2000
2025-04-14 16:51:15,295 [trainer.py] => ckpt_num: 5
2025-04-14 16:51:15,295 [trainer.py] => ckpt_path: ./checkpoints/fcs
2025-04-14 16:51:18,615 [data_manager.py] => [83, 53, 70, 45, 44, 39, 22, 80, 10, 0, 18, 30, 73, 33, 90, 4, 76, 77, 12, 31, 55, 88, 26, 42, 69, 15, 40, 96, 9, 72, 11, 47, 85, 28, 93, 5, 66, 65, 35, 16, 49, 34, 7, 95, 27, 19, 81, 25, 62, 13, 24, 3, 17, 38, 8, 78, 6, 64, 36, 89, 56, 99, 54, 43, 50, 67, 46, 68, 61, 97, 79, 41, 58, 48, 98, 57, 75, 32, 94, 59, 63, 84, 37, 29, 1, 52, 21, 2, 23, 87, 91, 74, 86, 82, 20, 60, 71, 14, 92, 51]
2025-04-14 16:51:19,027 [trainer.py] => All params: 11431488
2025-04-14 16:51:19,027 [trainer.py] => Trainable params: 11431488
2025-04-14 16:51:19,038 [fcs.py] => Learning on 0-10
2025-04-14 16:51:19,039 [fcs.py] => All params: 11475093
2025-04-14 16:51:19,039 [fcs.py] => Trainable params: 11475093
2025-04-14 16:51:19,436 [fcs.py] => Checkpoint file ./checkpoints/fcs/fcs_._checkpoints_0.pkl not found. Skipping loading.
2025-04-14 16:55:01,326 [trainer.py] => CNN: {'total': 12.2, '00-09': 12.2, 'old': 0, 'new': 12.2}
2025-04-14 16:55:01,326 [trainer.py] => NME: {'total': 56.4, '00-09': 56.4, 'old': 0, 'new': 56.4}
2025-04-14 16:55:01,326 [trainer.py] => CNN top1 curve: [12.2]
2025-04-14 16:55:01,326 [trainer.py] => CNN top5 curve: [50.0]
2025-04-14 16:56:24,792 [trainer.py] => config: ./exps/finetune.json
2025-04-14 16:56:24,792 [trainer.py] => dataset: cifar100
2025-04-14 16:56:24,792 [trainer.py] => log_dir: ./logs
2025-04-14 16:56:24,792 [trainer.py] => model_name: fcs
2025-04-14 16:56:24,792 [trainer.py] => init_cls: 10
2025-04-14 16:56:24,792 [trainer.py] => increment: 10
2025-04-14 16:56:24,792 [trainer.py] => epochs: 100
2025-04-14 16:56:24,792 [trainer.py] => batch_size: 64
2025-04-14 16:56:24,792 [trainer.py] => lr: 0.01
2025-04-14 16:56:24,792 [trainer.py] => weight_decay: 0.0005
2025-04-14 16:56:24,792 [trainer.py] => step_size: 30
2025-04-14 16:56:24,792 [trainer.py] => gamma: 0.1
2025-04-14 16:56:24,792 [trainer.py] => num_workers: 4
2025-04-14 16:56:24,792 [trainer.py] => device: [device(type='cuda', index=0)]
2025-04-14 16:56:24,792 [trainer.py] => seed: 42
2025-04-14 16:56:24,792 [trainer.py] => log_name: experiment_without_pic
2025-04-14 16:56:24,792 [trainer.py] => prefix: run1
2025-04-14 16:56:24,792 [trainer.py] => convnet_type: resnet18
2025-04-14 16:56:24,792 [trainer.py] => shuffle: True
2025-04-14 16:56:24,792 [trainer.py] => data_root: ./data
2025-04-14 16:56:24,792 [trainer.py] => memory_size: 2000
2025-04-14 16:56:24,792 [trainer.py] => ckpt_num: 5
2025-04-14 16:56:24,792 [trainer.py] => ckpt_path: ./checkpoints/fcs
2025-04-14 16:56:24,792 [trainer.py] => is_task0: True
2025-04-14 16:56:26,678 [data_manager.py] => [83, 53, 70, 45, 44, 39, 22, 80, 10, 0, 18, 30, 73, 33, 90, 4, 76, 77, 12, 31, 55, 88, 26, 42, 69, 15, 40, 96, 9, 72, 11, 47, 85, 28, 93, 5, 66, 65, 35, 16, 49, 34, 7, 95, 27, 19, 81, 25, 62, 13, 24, 3, 17, 38, 8, 78, 6, 64, 36, 89, 56, 99, 54, 43, 50, 67, 46, 68, 61, 97, 79, 41, 58, 48, 98, 57, 75, 32, 94, 59, 63, 84, 37, 29, 1, 52, 21, 2, 23, 87, 91, 74, 86, 82, 20, 60, 71, 14, 92, 51]
2025-04-14 16:56:26,915 [trainer.py] => All params: 11431488
2025-04-14 16:56:26,915 [trainer.py] => Trainable params: 11431488
2025-04-14 16:56:26,919 [fcs.py] => Learning on 0-10
2025-04-14 16:56:26,919 [fcs.py] => All params: 11475093
2025-04-14 16:56:26,919 [fcs.py] => Trainable params: 11475093
2025-04-14 16:56:26,973 [fcs.py] => Checkpoint file ./checkpoints/fcs/fcs_._checkpoints_0.pkl not found. Skipping loading.
2025-04-14 17:00:01,822 [trainer.py] => CNN: {'total': 12.2, '00-09': 12.2, 'old': 0, 'new': 12.2}
2025-04-14 17:00:01,822 [trainer.py] => NME: {'total': 56.4, '00-09': 56.4, 'old': 0, 'new': 56.4}
2025-04-14 17:00:01,822 [trainer.py] => CNN top1 curve: [12.2]
2025-04-14 17:00:01,822 [trainer.py] => CNN top5 curve: [50.0]
